2019-09-25 10:55:30 DEBUG Logger4j:49 - DEFENDERMODE - wrong user combination: 45648
2019-09-25 10:56:34 DEBUG Logger4j:29 - DEFENDERMODE - wrong user response: +-+-dffd
2019-09-25 10:56:57 INFO  Logger4j:41 - DEFENDERMODE - ai response: 1419
2019-09-25 10:57:02 INFO  Logger4j:41 - DEFENDERMODE - ai response: 4431
2019-09-25 10:57:05 INFO  Logger4j:41 - DEFENDERMODE - ai response: 4445
2019-09-25 11:08:28 DEBUG Logger4j:49 - DEFENDERMODE - wrong user combination: 456561
2019-09-25 11:27:40 INFO  Logger4j:45 - DEFENDERMODE - ai response: 5004
2019-09-25 11:30:25 INFO  Logger4j:44 - DEFENDERMODE - ai response: 9457
2019-09-25 11:30:29 INFO  Logger4j:44 - DEFENDERMODE - ai response: 4446
2019-09-25 11:30:31 INFO  Logger4j:44 - DEFENDERMODE - ai response: 4445
2019-09-26 18:07:29 INFO  Logger4j:37 - CHALLENGERMODE - user response: 4578
2019-09-26 18:08:13 DEBUG Logger4j:49 - wrong user combination: test
2019-09-26 18:08:20 DEBUG Logger4j:49 - wrong user combination: 45789
2019-09-26 18:08:40 DEBUG Logger4j:49 - wrong user combination: 452
2019-09-26 18:08:55 DEBUG Logger4j:49 - wrong user combination: -5640
2019-09-26 18:09:13 DEBUG Logger4j:49 - wrong user combination: -640
2019-09-26 18:09:57 INFO  Logger4j:44 - DEFENDERMODE - ai response: 6695
2019-09-27 10:02:44 INFO  Logger4j:37 - CHALLENGERMODE - user response: 4444
2019-09-27 10:03:09 INFO  Logger4j:44 - DEFENDERMODE - ai response: 7268
2019-09-27 10:03:49 INFO  Logger4j:44 - DEFENDERMODE - ai response: 4220
2019-09-27 10:04:45 INFO  Logger4j:44 - DEFENDERMODE - ai response: 2840
2019-09-27 10:05:46 INFO  Logger4j:44 - DEFENDERMODE - ai response: 0550
2019-09-27 10:06:19 INFO  Logger4j:44 - DEFENDERMODE - ai response: 0177
2019-09-27 10:07:12 INFO  Logger4j:44 - DEFENDERMODE - ai response: 3621
2019-09-27 10:07:21 INFO  Logger4j:44 - DEFENDERMODE - ai response: 1500
2019-09-27 10:08:44 INFO  Logger4j:44 - DEFENDERMODE - ai response: 3122
2019-09-27 10:08:46 INFO  Logger4j:44 - DEFENDERMODE - ai response: 1001
2019-09-27 10:10:34 INFO  Logger4j:44 - DEFENDERMODE - ai response: 1211
2019-09-27 10:10:49 INFO  Logger4j:44 - DEFENDERMODE - ai response: 0100
2019-09-27 10:17:59 INFO  Logger4j:44 - DEFENDERMODE - ai response: 2981
2019-09-27 10:21:59 DEBUG Logger4j:43 - DEFENDERMODE - wrong user response: ----
2019-09-27 10:24:22 DEBUG Logger4j:48 - DEFENDERMODE - wrong user response: +---
2019-09-27 10:25:38 DEBUG Logger4j:69 - wrong user combination: yuyu
2019-09-27 10:26:07 DEBUG Logger4j:30 - DEFENDERMODE - wrong user response: uyyo
2019-09-27 10:27:27 DEBUG Logger4j:30 - DEFENDERMODE - wrong user response: yhgy
2019-09-27 10:27:43 INFO  Logger4j:44 - DEFENDERMODE - ai response: 3425
2019-09-27 10:28:07 DEBUG Logger4j:30 - DEFENDERMODE - wrong user response: ij
2019-09-27 10:28:12 INFO  Logger4j:44 - DEFENDERMODE - ai response: 0481
2019-09-27 10:29:17 INFO  Logger4j:44 - DEFENDERMODE - ai response: 1002
2019-09-27 10:30:59 INFO  Logger4j:44 - DEFENDERMODE - ai response: 3524
2019-09-27 10:31:08 INFO  Logger4j:44 - DEFENDERMODE - ai response: 0013
2019-09-27 10:33:12 INFO  Logger4j:44 - DEFENDERMODE - ai response: 2071
2019-09-27 10:33:21 INFO  Logger4j:44 - DEFENDERMODE - ai response: 4163
2019-09-27 10:36:21 DEBUG Logger4j:30 - DEFENDERMODE - wrong user response: hjhj
2019-09-27 10:36:28 DEBUG Logger4j:41 - DEFENDERMODE - wrong user response: ---+
2019-09-27 10:36:37 INFO  Logger4j:44 - DEFENDERMODE - ai response: 9587
2019-09-27 10:38:11 DEBUG Logger4j:44 - DEFENDERMODE - wrong user response: +++-
2019-09-27 10:38:11 DEBUG Logger4j:40 - DEFENDERMODE - wrong user response: +++-
2019-09-27 10:38:31 INFO  Logger4j:44 - DEFENDERMODE - ai response: 0673
2019-09-27 10:38:48 INFO  Logger4j:44 - DEFENDERMODE - ai response: 2528
2019-09-27 10:39:00 INFO  Logger4j:44 - DEFENDERMODE - ai response: 8469
2019-09-27 10:40:34 INFO  Logger4j:44 - DEFENDERMODE - ai response: 8429
2019-09-27 10:42:59 INFO  Logger4j:44 - DEFENDERMODE - ai response: 8366
2019-09-27 10:43:16 INFO  Logger4j:44 - DEFENDERMODE - ai response: 7535
2019-09-27 10:43:36 INFO  Logger4j:44 - DEFENDERMODE - ai response: 1454
2019-09-27 10:43:49 INFO  Logger4j:44 - DEFENDERMODE - ai response: 6444
2019-09-27 10:43:57 DEBUG Logger4j:30 - DEFENDERMODE - wrong user response: -==
2019-09-27 10:47:10 DEBUG Logger4j:44 - DEFENDERMODE - wrong user response: ++++
2019-09-27 10:47:20 INFO  Logger4j:44 - DEFENDERMODE - ai response: 4458
2019-09-27 10:47:30 INFO  Logger4j:44 - DEFENDERMODE - ai response: 4449
2019-09-27 10:50:05 INFO  Logger4j:44 - DEFENDERMODE - ai response: 7023
2019-09-27 10:54:53 DEBUG Logger4j:44 - DEFENDERMODE - wrong user response: +---
2019-09-27 10:54:54 DEBUG Logger4j:40 - DEFENDERMODE - wrong user response: +---
2019-09-27 10:54:54 DEBUG Logger4j:40 - DEFENDERMODE - wrong user response: +---
2019-09-27 10:55:02 DEBUG Logger4j:40 - DEFENDERMODE - wrong user response: -++-
2019-09-27 10:55:08 INFO  Logger4j:44 - DEFENDERMODE - ai response: 2161
2019-09-27 10:55:13 INFO  Logger4j:44 - DEFENDERMODE - ai response: 3893
2019-09-27 10:55:26 INFO  Logger4j:44 - DEFENDERMODE - ai response: 0755
2019-09-27 10:59:33 INFO  Logger4j:44 - DEFENDERMODE - ai response: 1923
2019-09-27 11:00:58 INFO  Logger4j:44 - DEFENDERMODE - ai response: 4794
2019-09-27 11:01:44 INFO  Logger4j:44 - DEFENDERMODE - ai response: 4574
2019-09-27 11:01:58 INFO  Logger4j:44 - DEFENDERMODE - ai response: 4440
2019-09-27 11:02:27 INFO  Logger4j:44 - DEFENDERMODE - ai response: 5201
2019-09-27 11:03:41 INFO  Logger4j:44 - DEFENDERMODE - ai response: 1400
2019-09-27 11:03:50 INFO  Logger4j:44 - DEFENDERMODE - ai response: 0435
2019-09-27 11:04:04 INFO  Logger4j:44 - DEFENDERMODE - ai response: 1432
2019-09-27 11:04:09 INFO  Logger4j:44 - DEFENDERMODE - ai response: 8454
2019-09-27 11:06:48 DEBUG Logger4j:40 - DEFENDERMODE - wrong user response: -+-+
2019-09-27 11:06:52 INFO  Logger4j:44 - DEFENDERMODE - ai response: 9451
2019-09-27 11:06:58 INFO  Logger4j:44 - DEFENDERMODE - ai response: 4410
2019-09-27 11:07:03 INFO  Logger4j:44 - DEFENDERMODE - ai response: 4422
2019-09-27 11:07:44 INFO  Logger4j:44 - DEFENDERMODE - ai response: 4488
